app/build/intermediates/manifest_merge_blame_file/debug/manifest-merger-blame-debug-report.txt
1<?xml version="1.0" encoding="utf-8"?>
2<manifest xmlns:android="http://schemas.android.com/apk/res/android"
3    package="com.themecolor.callerphone.wallpaper"
4    android:versionCode="1"
5    android:versionName="1.0" >
6
7    <uses-sdk
8        android:minSdkVersion="24"
9        android:targetSdkVersion="33" />
10
11    <uses-permission android:name="android.permission.POST_NOTIFICATIONS" />
11-->src\main\AndroidManifest.xml:5:5-77
11-->src\main\AndroidManifest.xml:5:22-74
12    <uses-permission android:name="android.permission.SET_WALLPAPER" />
12-->src\main\AndroidManifest.xml:6:5-72
12-->src\main\AndroidManifest.xml:6:22-69
13    <uses-permission android:name="com.google.android.gms.permission.AD_ID" />
13-->src\main\AndroidManifest.xml:7:5-79
13-->src\main\AndroidManifest.xml:7:22-76
14    <uses-permission android:name="android.permission.WAKE_LOCK" />
14-->src\main\AndroidManifest.xml:8:5-68
14-->src\main\AndroidManifest.xml:8:22-65
15    <uses-permission android:name="android.permission.READ_EXTERNAL_STORAGE" />
15-->src\main\AndroidManifest.xml:9:5-80
15-->src\main\AndroidManifest.xml:9:22-77
16    <uses-permission
16-->src\main\AndroidManifest.xml:10:5-12:38
17        android:name="android.permission.WRITE_EXTERNAL_STORAGE"
17-->src\main\AndroidManifest.xml:11:9-65
18        android:maxSdkVersion="28" />
18-->src\main\AndroidManifest.xml:12:9-35
19    <uses-permission android:name="android.permission.WRITE_CONTACTS" />
19-->src\main\AndroidManifest.xml:13:5-73
19-->src\main\AndroidManifest.xml:13:22-70
20    <uses-permission android:name="android.permission.MODIFY_AUDIO_SETTINGS" />
20-->src\main\AndroidManifest.xml:14:5-80
20-->src\main\AndroidManifest.xml:14:22-77
21    <uses-permission android:name="android.permission.VIBRATE" />
21-->src\main\AndroidManifest.xml:15:5-66
21-->src\main\AndroidManifest.xml:15:22-63
22    <uses-permission android:name="android.permission.RECORD_AUDIO" />
22-->src\main\AndroidManifest.xml:16:5-71
22-->src\main\AndroidManifest.xml:16:22-68
23    <uses-permission android:name="android.permission.FOREGROUND_SERVICE" />
23-->src\main\AndroidManifest.xml:17:5-77
23-->src\main\AndroidManifest.xml:17:22-74
24    <uses-permission android:name="android.permission.INTERNET" />
24-->src\main\AndroidManifest.xml:18:5-67
24-->src\main\AndroidManifest.xml:18:22-64
25    <uses-permission android:name="android.permission.ACCESS_NETWORK_STATE" />
25-->src\main\AndroidManifest.xml:19:5-79
25-->src\main\AndroidManifest.xml:19:22-76
26    <uses-permission android:name="android.permission.CALL_PHONE" />
26-->src\main\AndroidManifest.xml:20:5-69
26-->src\main\AndroidManifest.xml:20:22-66
27    <uses-permission android:name="android.permission.READ_PHONE_STATE" />
27-->src\main\AndroidManifest.xml:21:5-75
27-->src\main\AndroidManifest.xml:21:22-72
28    <uses-permission android:name="android.permission.READ_CONTACTS" />
28-->src\main\AndroidManifest.xml:22:5-72
28-->src\main\AndroidManifest.xml:22:22-69
29    <uses-permission android:name="android.permission.RECORD_AUDIO" />
29-->src\main\AndroidManifest.xml:16:5-71
29-->src\main\AndroidManifest.xml:16:22-68
30    <uses-permission android:name="android.permission.ACCESS_WIFI_STATE" />
30-->[:adsmodule] AndroidManifest.xml:10:5-76
30-->[:adsmodule] AndroidManifest.xml:10:22-73
31    <uses-permission android:name="android.permission.READ_PRIVILEGED_PHONE_STATE" /> <!-- Android package visibility setting -->
31-->[:adsmodule] AndroidManifest.xml:11:5-13:47
31-->[:adsmodule] AndroidManifest.xml:12:9-70
32    <queries>
32-->[com.google.android.gms:play-services-ads-lite:22.3.0] AndroidManifest.xml:32:5-48:15
33
34        <!-- For browser content -->
35        <intent>
35-->[com.google.android.gms:play-services-ads-lite:22.3.0] AndroidManifest.xml:35:9-41:18
36            <action android:name="android.intent.action.VIEW" />
36-->[com.google.android.gms:play-services-ads-lite:22.3.0] AndroidManifest.xml:36:13-65
36-->[com.google.android.gms:play-services-ads-lite:22.3.0] AndroidManifest.xml:36:21-62
37
38            <category android:name="android.intent.category.BROWSABLE" />
38-->[com.google.android.gms:play-services-ads-lite:22.3.0] AndroidManifest.xml:38:13-74
38-->[com.google.android.gms:play-services-ads-lite:22.3.0] AndroidManifest.xml:38:23-71
39
40            <data android:scheme="https" />
40-->src\main\AndroidManifest.xml:91:17-46
40-->src\main\AndroidManifest.xml:91:23-43
41        </intent>
42        <!-- End of browser content -->
43        <!-- For CustomTabsService -->
44        <intent>
44-->[com.google.android.gms:play-services-ads-lite:22.3.0] AndroidManifest.xml:44:9-46:18
45            <action android:name="android.support.customtabs.action.CustomTabsService" />
45-->[com.google.android.gms:play-services-ads-lite:22.3.0] AndroidManifest.xml:45:13-90
45-->[com.google.android.gms:play-services-ads-lite:22.3.0] AndroidManifest.xml:45:21-87
46        </intent>
47        <!-- End of CustomTabsService -->
48        <package android:name="com.facebook.katana" />
48-->[com.facebook.android:audience-network-sdk:6.16.0] AndroidManifest.xml:12:9-55
48-->[com.facebook.android:audience-network-sdk:6.16.0] AndroidManifest.xml:12:18-52
49    </queries>
50
51    <uses-permission android:name="android.permission.REORDER_TASKS" />
51-->[androidx.test:core:1.5.0] AndroidManifest.xml:24:5-72
51-->[androidx.test:core:1.5.0] AndroidManifest.xml:24:22-69
52
53    <permission
53-->[androidx.core:core:1.9.0] AndroidManifest.xml:22:5-24:47
54        android:name="com.themecolor.callerphone.wallpaper.DYNAMIC_RECEIVER_NOT_EXPORTED_PERMISSION"
54-->[androidx.core:core:1.9.0] AndroidManifest.xml:23:9-81
55        android:protectionLevel="signature" />
55-->[androidx.core:core:1.9.0] AndroidManifest.xml:24:9-44
56
57    <uses-permission android:name="com.themecolor.callerphone.wallpaper.DYNAMIC_RECEIVER_NOT_EXPORTED_PERMISSION" /> <!-- android:name="com.themecolor.callerphone.wallpaper.App" -->
57-->[androidx.core:core:1.9.0] AndroidManifest.xml:26:5-97
57-->[androidx.core:core:1.9.0] AndroidManifest.xml:26:22-94
58    <application
58-->src\main\AndroidManifest.xml:26:5-317:19
59        android:name="com.themecolor.callerphone.wallpaper.SingletonClasses.MyApplication"
59-->src\main\AndroidManifest.xml:27:9-55
60        android:allowBackup="false"
60-->[:aosp] AndroidManifest.xml:13:9-36
61        android:appComponentFactory="androidx.core.app.CoreComponentFactory"
61-->[androidx.core:core:1.9.0] AndroidManifest.xml:28:18-86
62        android:debuggable="true"
63        android:extractNativeLibs="false"
64        android:hardwareAccelerated="true"
64-->src\main\AndroidManifest.xml:28:9-43
65        android:icon="@mipmap/ic_launcher"
65-->src\main\AndroidManifest.xml:29:9-43
66        android:label="@string/app_name"
66-->src\main\AndroidManifest.xml:30:9-41
67        android:largeHeap="true"
67-->src\main\AndroidManifest.xml:33:9-33
68        android:roundIcon="@mipmap/ic_launcher_round"
68-->src\main\AndroidManifest.xml:31:9-54
69        android:supportsRtl="true"
69-->src\main\AndroidManifest.xml:32:9-35
70        android:testOnly="true"
71        android:theme="@style/Theme.NeonKeyboardNew"
71-->src\main\AndroidManifest.xml:34:9-53
72        android:usesCleartextTraffic="true" >
72-->src\main\AndroidManifest.xml:35:9-44
73        <activity
73-->src\main\AndroidManifest.xml:36:9-39:40
74            android:name="com.themecolor.callerphone.wallpaper.ui.PrivacyActivity"
74-->src\main\AndroidManifest.xml:37:13-83
75            android:exported="false"
75-->src\main\AndroidManifest.xml:39:13-37
76            android:screenOrientation="portrait" />
76-->src\main\AndroidManifest.xml:38:13-49
77        <activity
77-->src\main\AndroidManifest.xml:40:9-43:40
78            android:name="com.themecolor.callerphone.wallpaper.callertheme.ExitActivity"
78-->src\main\AndroidManifest.xml:41:13-89
79            android:exported="false"
79-->src\main\AndroidManifest.xml:43:13-37
80            android:screenOrientation="portrait" />
80-->src\main\AndroidManifest.xml:42:13-49
81        <activity
81-->src\main\AndroidManifest.xml:44:9-51:20
82            android:name="com.themecolor.callerphone.wallpaper.ui.PrivacyPolicyActivity"
82-->src\main\AndroidManifest.xml:45:13-89
83            android:exported="false"
83-->src\main\AndroidManifest.xml:47:13-37
84            android:screenOrientation="portrait" >
84-->src\main\AndroidManifest.xml:46:13-49
85            <meta-data
85-->src\main\AndroidManifest.xml:48:13-50:36
86                android:name="android.app.lib_name"
86-->src\main\AndroidManifest.xml:49:17-52
87                android:value="" />
87-->src\main\AndroidManifest.xml:50:17-33
88        </activity>
89        <activity
89-->src\main\AndroidManifest.xml:52:9-59:20
90            android:name="com.themecolor.callerphone.wallpaper.callertheme.categoryui.PreviewActivity"
90-->src\main\AndroidManifest.xml:53:13-103
91            android:exported="false"
91-->src\main\AndroidManifest.xml:55:13-37
92            android:screenOrientation="portrait" >
92-->src\main\AndroidManifest.xml:54:13-49
93            <meta-data
93-->src\main\AndroidManifest.xml:48:13-50:36
94                android:name="android.app.lib_name"
94-->src\main\AndroidManifest.xml:49:17-52
95                android:value="" />
95-->src\main\AndroidManifest.xml:50:17-33
96        </activity>
97        <activity
97-->src\main\AndroidManifest.xml:60:9-62:40
98            android:name="com.themecolor.callerphone.wallpaper.callertheme.FavouriteActivity"
98-->src\main\AndroidManifest.xml:61:13-94
99            android:exported="false" />
99-->src\main\AndroidManifest.xml:62:13-37
100        <activity
100-->src\main\AndroidManifest.xml:63:9-65:40
101            android:name="com.themecolor.callerphone.wallpaper.callertheme.categoryui.linearCategory.Theme_GifActivity_Calling_Theme_Preview"
101-->src\main\AndroidManifest.xml:64:13-142
102            android:exported="false" />
102-->src\main\AndroidManifest.xml:65:13-37
103        <activity
103-->src\main\AndroidManifest.xml:66:9-76:20
104            android:name="com.themecolor.callerphone.wallpaper.callertheme.dialer.CallingAnimActivity"
104-->src\main\AndroidManifest.xml:67:13-103
105            android:exported="false"
105-->src\main\AndroidManifest.xml:68:13-37
106            android:launchMode="singleInstance"
106-->src\main\AndroidManifest.xml:69:13-48
107            android:screenOrientation="portrait"
107-->src\main\AndroidManifest.xml:70:13-49
108            android:showOnLockScreen="true" >
108-->src\main\AndroidManifest.xml:71:13-44
109            <meta-data
109-->src\main\AndroidManifest.xml:48:13-50:36
110                android:name="android.app.lib_name"
110-->src\main\AndroidManifest.xml:49:17-52
111                android:value="" />
111-->src\main\AndroidManifest.xml:50:17-33
112        </activity>
113        <activity
113-->src\main\AndroidManifest.xml:77:9-93:20
114            android:name="com.themecolor.callerphone.wallpaper.callertheme.dialer.DialerActivity"
114-->src\main\AndroidManifest.xml:78:13-98
115            android:exported="false"
115-->src\main\AndroidManifest.xml:79:13-37
116            android:screenOrientation="portrait" >
116-->src\main\AndroidManifest.xml:80:13-49
117            <intent-filter>
117-->src\main\AndroidManifest.xml:81:13-85:29
118                <action android:name="android.intent.action.DIAL" />
118-->src\main\AndroidManifest.xml:82:17-69
118-->src\main\AndroidManifest.xml:82:25-66
119
120                <category android:name="android.intent.category.DEFAULT" />
120-->src\main\AndroidManifest.xml:84:17-76
120-->src\main\AndroidManifest.xml:84:27-73
121            </intent-filter>
122            <intent-filter>
122-->src\main\AndroidManifest.xml:86:13-92:29
123                <action android:name="android.intent.action.DIAL" />
123-->src\main\AndroidManifest.xml:82:17-69
123-->src\main\AndroidManifest.xml:82:25-66
124
125                <category android:name="android.intent.category.DEFAULT" />
125-->src\main\AndroidManifest.xml:84:17-76
125-->src\main\AndroidManifest.xml:84:27-73
126
127                <data android:scheme="tel" />
127-->src\main\AndroidManifest.xml:91:17-46
127-->src\main\AndroidManifest.xml:91:23-43
128            </intent-filter>
129        </activity>
130        <activity
130-->src\main\AndroidManifest.xml:94:9-97:52
131            android:name="com.themecolor.callerphone.wallpaper.callertheme.categoryui.UploadActivity"
131-->src\main\AndroidManifest.xml:95:13-102
132            android:exported="false"
132-->src\main\AndroidManifest.xml:96:13-37
133            android:screenOrientation="portrait" />
133-->src\main\AndroidManifest.xml:97:13-49
134        <activity
134-->src\main\AndroidManifest.xml:98:9-105:20
135            android:name="com.themecolor.callerphone.wallpaper.callertheme.categoryui.CategoryShowVideoActivity"
135-->src\main\AndroidManifest.xml:99:13-113
136            android:exported="false"
136-->src\main\AndroidManifest.xml:100:13-37
137            android:screenOrientation="portrait" >
137-->src\main\AndroidManifest.xml:101:13-49
138            <meta-data
138-->src\main\AndroidManifest.xml:48:13-50:36
139                android:name="android.app.lib_name"
139-->src\main\AndroidManifest.xml:49:17-52
140                android:value="" />
140-->src\main\AndroidManifest.xml:50:17-33
141        </activity>
142        <activity
142-->src\main\AndroidManifest.xml:106:9-109:52
143            android:name="com.themecolor.callerphone.wallpaper.callertheme.categoryui.Theme_Activity_Calling_Theme_Preview"
143-->src\main\AndroidManifest.xml:107:13-124
144            android:exported="false"
144-->src\main\AndroidManifest.xml:108:13-37
145            android:screenOrientation="portrait" />
145-->src\main\AndroidManifest.xml:109:13-49
146        <activity
146-->src\main\AndroidManifest.xml:110:9-113:52
147            android:name="com.themecolor.callerphone.wallpaper.callertheme.categoryui.CategoryShowActivity"
147-->src\main\AndroidManifest.xml:111:13-108
148            android:exported="false"
148-->src\main\AndroidManifest.xml:112:13-37
149            android:screenOrientation="portrait" />
149-->src\main\AndroidManifest.xml:113:13-49
150        <activity
150-->src\main\AndroidManifest.xml:114:9-121:20
151            android:name="com.themecolor.callerphone.wallpaper.callertheme.categoryui.KpopCategoryActivity"
151-->src\main\AndroidManifest.xml:115:13-108
152            android:exported="false"
152-->src\main\AndroidManifest.xml:116:13-37
153            android:screenOrientation="portrait" >
153-->src\main\AndroidManifest.xml:117:13-49
154            <meta-data
154-->src\main\AndroidManifest.xml:48:13-50:36
155                android:name="android.app.lib_name"
155-->src\main\AndroidManifest.xml:49:17-52
156                android:value="" />
156-->src\main\AndroidManifest.xml:50:17-33
157        </activity>
158        <activity
158-->src\main\AndroidManifest.xml:122:9-125:52
159            android:name="com.themecolor.callerphone.wallpaper.callertheme.ui.SearchActivity"
159-->src\main\AndroidManifest.xml:123:13-94
160            android:exported="false"
160-->src\main\AndroidManifest.xml:124:13-37
161            android:screenOrientation="portrait" />
161-->src\main\AndroidManifest.xml:125:13-49
162        <activity
162-->src\main\AndroidManifest.xml:126:9-129:52
163            android:name="com.themecolor.callerphone.wallpaper.callertheme.ui.RandomGenerateActivity"
163-->src\main\AndroidManifest.xml:127:13-102
164            android:exported="false"
164-->src\main\AndroidManifest.xml:128:13-37
165            android:screenOrientation="portrait" />
165-->src\main\AndroidManifest.xml:129:13-49
166        <activity
166-->src\main\AndroidManifest.xml:130:9-133:52
167            android:name="com.themecolor.callerphone.wallpaper.callertheme.ui.CategoriesActivity"
167-->src\main\AndroidManifest.xml:131:13-98
168            android:exported="false"
168-->src\main\AndroidManifest.xml:132:13-37
169            android:screenOrientation="portrait" />
169-->src\main\AndroidManifest.xml:133:13-49
170        <activity
170-->src\main\AndroidManifest.xml:134:9-137:52
171            android:name="com.themecolor.callerphone.wallpaper.callertheme.ui.PopularActivity"
171-->src\main\AndroidManifest.xml:135:13-95
172            android:exported="false"
172-->src\main\AndroidManifest.xml:136:13-37
173            android:screenOrientation="portrait" />
173-->src\main\AndroidManifest.xml:137:13-49
174
175        <receiver
175-->src\main\AndroidManifest.xml:139:9-147:20
176            android:name="com.themecolor.callerphone.wallpaper.callertheme.ui.NetworkStateChangeReciver"
176-->src\main\AndroidManifest.xml:140:13-105
177            android:exported="false" >
177-->src\main\AndroidManifest.xml:141:13-37
178            <intent-filter>
178-->src\main\AndroidManifest.xml:142:13-146:29
179                <action android:name="android.net.conn.CONNECTIVITY_CHANGE" />
179-->src\main\AndroidManifest.xml:143:17-145:50
179-->src\main\AndroidManifest.xml:144:21-72
180            </intent-filter>
181        </receiver>
182
183        <activity
183-->src\main\AndroidManifest.xml:149:9-152:52
184            android:name="com.themecolor.callerphone.wallpaper.callertheme.ui.FullViewActivity"
184-->src\main\AndroidManifest.xml:150:13-96
185            android:exported="false"
185-->src\main\AndroidManifest.xml:151:13-37
186            android:screenOrientation="portrait" />
186-->src\main\AndroidManifest.xml:152:13-49
187        <activity
187-->src\main\AndroidManifest.xml:153:9-156:52
188            android:name="com.themecolor.callerphone.wallpaper.callertheme.ui.MoreItemActivity"
188-->src\main\AndroidManifest.xml:154:13-96
189            android:exported="false"
189-->src\main\AndroidManifest.xml:155:13-37
190            android:screenOrientation="portrait" />
190-->src\main\AndroidManifest.xml:156:13-49
191        <activity
191-->src\main\AndroidManifest.xml:157:9-160:52
192            android:name="com.themecolor.callerphone.wallpaper.callertheme.OS.ActivityPerM"
192-->src\main\AndroidManifest.xml:158:13-92
193            android:exported="false"
193-->src\main\AndroidManifest.xml:159:13-37
194            android:screenOrientation="portrait" />
194-->src\main\AndroidManifest.xml:160:13-49
195        <activity
195-->src\main\AndroidManifest.xml:161:9-164:52
196            android:name="com.themecolor.callerphone.wallpaper.ui.OnBoardingActivity"
196-->src\main\AndroidManifest.xml:162:13-86
197            android:exported="false"
197-->src\main\AndroidManifest.xml:163:13-37
198            android:screenOrientation="portrait" />
198-->src\main\AndroidManifest.xml:164:13-49
199        <activity
199-->src\main\AndroidManifest.xml:165:9-235:20
200            android:name="com.themecolor.callerphone.wallpaper.ui.SplashActivity"
200-->src\main\AndroidManifest.xml:166:13-82
201            android:exported="true"
201-->src\main\AndroidManifest.xml:167:13-36
202            android:screenOrientation="portrait" >
202-->src\main\AndroidManifest.xml:168:13-49
203            <intent-filter>
203-->src\main\AndroidManifest.xml:169:13-173:29
204                <action android:name="android.intent.action.MAIN" />
204-->src\main\AndroidManifest.xml:170:17-69
204-->src\main\AndroidManifest.xml:170:25-66
205
206                <category android:name="android.intent.category.LAUNCHER" />
206-->src\main\AndroidManifest.xml:172:17-77
206-->src\main\AndroidManifest.xml:172:27-74
207            </intent-filter>
208
209            <!--
210            <intent-filter>
211                <action android:name="android.intent.action.CALL_PRIVILEGED" />
212
213                <category android:name="android.intent.category.DEFAULT" />
214
215                <data android:scheme="tel" />
216            </intent-filter>
217            <intent-filter android:label="@string/app_name">
218                <action android:name="android.intent.action.DIAL" />
219
220                <category android:name="android.intent.category.DEFAULT" />
221                <category android:name="android.intent.category.BROWSABLE" />
222
223                <data android:mimeType="vnd.android.cursor.item/phone" />
224                <data android:mimeType="vnd.android.cursor.item/person" />
225            </intent-filter>
226            <intent-filter android:label="@string/app_name">
227                <action android:name="android.intent.action.DIAL" />
228
229                <category android:name="android.intent.category.DEFAULT" />
230            </intent-filter>
231            <intent-filter android:label="@string/app_name">
232                <action android:name="android.intent.action.VIEW" />
233                <action android:name="android.intent.action.DIAL" />
234
235                <category android:name="android.intent.category.DEFAULT" />
236                <category android:name="android.intent.category.BROWSABLE" />
237
238                <data android:scheme="tel" />
239            </intent-filter>
240            -->
241            <!-- <intent-filter android:label="@string/app_name" -->
242            <!-- android:scheme="http"> -->
243            <!-- <action android:name="android.intent.action.VIEW" /> -->
244
245
246            <!-- <category android:name="android.intent.category.DEFAULT" /> -->
247            <!-- <category android:name="android.intent.category.BROWSABLE" /> -->
248
249
250            <!-- <data android:mimeType="vnd.android.cursor.dir/calls" /> -->
251            <!-- </intent-filter> -->
252            <!--
253            <intent-filter android:label="@string/app_name">
254                <action android:name="com.android.phone.action.RECENT_CALLS" />
255
256                <category android:name="android.intent.category.DEFAULT" />
257            </intent-filter>
258            <intent-filter>
259                <action android:name="android.intent.action.CALL_BUTTON" />
260
261                <category android:name="android.intent.category.DEFAULT" />
262            </intent-filter>
263            <intent-filter>
264                <action android:name="android.intent.action.MAIN" />
265
266                <category android:name="android.intent.category.LAUNCHER" />
267            </intent-filter>
268            -->
269        </activity>
270        <activity
270-->src\main\AndroidManifest.xml:236:9-241:58
271            android:name="com.themecolor.callerphone.wallpaper.TestKeyboardActivity"
271-->src\main\AndroidManifest.xml:237:13-85
272            android:exported="false"
272-->src\main\AndroidManifest.xml:238:13-37
273            android:label="Apply Theme"
273-->src\main\AndroidManifest.xml:239:13-40
274            android:launchMode="singleTop"
274-->src\main\AndroidManifest.xml:240:13-43
275            android:screenOrientation="sensorPortrait" />
275-->src\main\AndroidManifest.xml:241:13-55
276        <activity
276-->src\main\AndroidManifest.xml:242:9-247:58
277            android:name="com.themecolor.callerphone.wallpaper.EnableKeyboard"
277-->src\main\AndroidManifest.xml:243:13-79
278            android:exported="true"
278-->src\main\AndroidManifest.xml:244:13-36
279            android:label="Enable/Disable Keyboard"
279-->src\main\AndroidManifest.xml:245:13-52
280            android:launchMode="singleTop"
280-->src\main\AndroidManifest.xml:246:13-43
281            android:screenOrientation="sensorPortrait" />
281-->src\main\AndroidManifest.xml:247:13-55
282        <activity
282-->src\main\AndroidManifest.xml:248:9-252:52
283            android:name="com.themecolor.callerphone.wallpaper.MainActivity"
283-->src\main\AndroidManifest.xml:249:13-77
284            android:exported="false"
284-->src\main\AndroidManifest.xml:250:13-37
285            android:hardwareAccelerated="true"
285-->src\main\AndroidManifest.xml:251:13-47
286            android:screenOrientation="portrait" />
286-->src\main\AndroidManifest.xml:252:13-49
287
288        <service
288-->src\main\AndroidManifest.xml:254:9-267:19
289            android:name="keyboard.neon.newboard.KeyboardImeiService"
289-->src\main\AndroidManifest.xml:255:13-70
290            android:directBootAware="true"
290-->src\main\AndroidManifest.xml:256:13-43
291            android:exported="true"
291-->src\main\AndroidManifest.xml:257:13-36
292            android:label="@string/keyboardServiceName"
292-->src\main\AndroidManifest.xml:258:13-56
293            android:permission="android.permission.BIND_INPUT_METHOD" >
293-->src\main\AndroidManifest.xml:259:13-70
294            <intent-filter>
294-->src\main\AndroidManifest.xml:260:13-262:29
295                <action android:name="android.view.InputMethod" />
295-->src\main\AndroidManifest.xml:261:17-67
295-->src\main\AndroidManifest.xml:261:25-64
296            </intent-filter>
297
298            <meta-data
298-->src\main\AndroidManifest.xml:264:13-266:50
299                android:name="android.view.im"
299-->src\main\AndroidManifest.xml:265:17-47
300                android:resource="@xml/method" />
300-->src\main\AndroidManifest.xml:266:17-47
301        </service>
302
303        <activity
303-->src\main\AndroidManifest.xml:269:9-272:72
304            android:name="com.yalantis.ucrop.UCropActivity"
304-->src\main\AndroidManifest.xml:270:13-60
305            android:screenOrientation="portrait"
305-->src\main\AndroidManifest.xml:271:13-49
306            android:theme="@style/Theme.AppCompat.Light.NoActionBar" />
306-->src\main\AndroidManifest.xml:272:13-69
307
308        <service
308-->src\main\AndroidManifest.xml:274:9-289:19
309            android:name="com.themecolor.callerphone.wallpaper.callertheme.dialer.services.CallServiceAnim"
309-->src\main\AndroidManifest.xml:275:13-108
310            android:enabled="true"
310-->src\main\AndroidManifest.xml:276:13-35
311            android:exported="true"
311-->src\main\AndroidManifest.xml:277:13-36
312            android:permission="android.permission.BIND_INCALL_SERVICE" >
312-->src\main\AndroidManifest.xml:278:13-72
313            <meta-data
313-->src\main\AndroidManifest.xml:279:13-281:40
314                android:name="android.telecom.IN_CALL_SERVICE_UI"
314-->src\main\AndroidManifest.xml:280:17-66
315                android:value="true" />
315-->src\main\AndroidManifest.xml:281:17-37
316            <meta-data
316-->src\main\AndroidManifest.xml:282:13-284:40
317                android:name="android.telecom.IN_CALL_SERVICE_RINGING"
317-->src\main\AndroidManifest.xml:283:17-71
318                android:value="true" />
318-->src\main\AndroidManifest.xml:284:17-37
319
320            <intent-filter>
320-->src\main\AndroidManifest.xml:286:13-288:29
321                <action android:name="android.telecom.InCallService" />
321-->src\main\AndroidManifest.xml:287:17-72
321-->src\main\AndroidManifest.xml:287:25-69
322            </intent-filter>
323        </service>
324
325        <receiver
325-->src\main\AndroidManifest.xml:291:9-299:20
326            android:name="com.themecolor.callerphone.wallpaper.callertheme.dialer.receivers.ActionReceiver"
326-->src\main\AndroidManifest.xml:292:13-108
327            android:enabled="true"
327-->src\main\AndroidManifest.xml:293:13-35
328            android:exported="false" >
328-->src\main\AndroidManifest.xml:294:13-37
329            <intent-filter>
329-->src\main\AndroidManifest.xml:295:13-298:29
330                <action android:name="YES" />
330-->src\main\AndroidManifest.xml:296:17-46
330-->src\main\AndroidManifest.xml:296:25-43
331                <action android:name="NO" />
331-->src\main\AndroidManifest.xml:297:17-45
331-->src\main\AndroidManifest.xml:297:25-42
332            </intent-filter>
333        </receiver>
334
335        <provider
336            android:name="androidx.core.content.FileProvider"
336-->src\main\AndroidManifest.xml:302:13-62
337            android:authorities="com.themecolor.callerphone.wallpaper.provider"
337-->src\main\AndroidManifest.xml:303:13-60
338            android:exported="false"
338-->src\main\AndroidManifest.xml:304:13-37
339            android:grantUriPermissions="true" >
339-->src\main\AndroidManifest.xml:305:13-47
340            <meta-data
340-->src\main\AndroidManifest.xml:306:13-308:58
341                android:name="android.support.FILE_PROVIDER_PATHS"
341-->src\main\AndroidManifest.xml:307:17-67
342                android:resource="@xml/provider_paths" />
342-->src\main\AndroidManifest.xml:308:17-55
343        </provider>
344
345        <meta-data
345-->src\main\AndroidManifest.xml:311:9-313:57
346            android:name="preloaded_fonts"
346-->src\main\AndroidManifest.xml:312:13-43
347            android:resource="@array/preloaded_fonts" />
347-->src\main\AndroidManifest.xml:313:13-54
348        <!--
349            <meta-data
350            android:name="com.google.android.gms.ads.APPLICATION_ID"
351            android:value="@string/appId" />
352        -->
353        <meta-data
353-->[:adsmodule] AndroidManifest.xml:16:9-18:70
354            android:name="com.google.android.gms.ads.APPLICATION_ID"
354-->[:adsmodule] AndroidManifest.xml:17:13-69
355            android:value="ca-app-pub-3940256099942544~3347511713" /> <!-- Crash Dialog Activity -->
355-->[:adsmodule] AndroidManifest.xml:18:13-67
356        <activity
356-->[:aosp] AndroidManifest.xml:17:9-20:55
357            android:name="keyboard.neon.newboard.crashutility.CrashDialogActivity"
357-->[:aosp] AndroidManifest.xml:18:13-83
358            android:label="@string/crash_dialog__title"
358-->[:aosp] AndroidManifest.xml:19:13-56
359            android:theme="@style/CrashDialogTheme" />
359-->[:aosp] AndroidManifest.xml:20:13-52
360
361        <provider
361-->[:aosp] AndroidManifest.xml:22:9-26:50
362            android:name="keyboard.neon.newboard.ime.clip.provider.FlorisContentProvider"
362-->[:aosp] AndroidManifest.xml:23:13-90
363            android:authorities="com.themecolor.callerphone.wallpaper"